2016-11-07 - Starting to load storage
2016-11-07 - Unable to load data using: .
2016-11-07 - Starting to load storage
2016-11-07 - MainModel - Unable to load data using: uninitialized constant MainModel::PropertyModel.
2016-11-07 - Starting to load storage
2016-11-07 - MainModel - Unable to load data using: uninitialized constant PropertyModel::Logger
Did you mean?  LoggerModel.
2016-11-07::00:00:00 - Starting to load storage
2016-11-07::00:00:00 - PropertyModel - Creating configuration file
2016-11-07::00:00:00 - PropertyModel - Loading properties from ./data/conf.yaml
2016-11-07::13:15:10 - Starting to load storage
2016-11-07::13:15:10 - PropertyModel - Creating configuration file
2016-11-07::13:15:10 - PropertyModel - Loading properties from ./data/conf.yaml
2016-11-07::14:11:59 - Starting to load storage
2016-11-07::14:11:59 - PropertyModel - Creating properties file at ./data/conf.yaml
2016-11-07::14:11:59 - PropertyModel - Loading properties from ./data/conf.yaml
2016-11-07::14:14:54 - Starting to load storage
2016-11-07::14:14:54 - PropertyModel - Loading properties from ./data/conf.yaml
2016-11-07::14:15:43 - Starting to load storage
2016-11-07::14:15:43 - PropertyModel - Loading properties from ./data/conf.yaml
2016-11-07::14:16:16 - Starting to load storage
2016-11-07::14:16:16 - PropertyModel - Loading properties from ./data/conf.yaml
2016-11-07::14:17:27 - Starting to load storage
2016-11-07::14:17:27 - PropertyModel - Loading properties from ./data/conf.yaml
